{"/Users/leahcopeland/Documents/Neo/coverage-upload-action/src/construct-comment-utils.ts": {"path":"/Users/leahcopeland/Documents/Neo/coverage-upload-action/src/construct-comment-utils.ts","statementMap":{"0":{"start":{"line":1,"column":25},"end":{"line":13,"column":1}},"1":{"start":{"line":2,"column":2},"end":{"line":12,"column":null}},"2":{"start":{"line":3,"column":4},"end":{"line":3,"column":19}},"3":{"start":{"line":4,"column":9},"end":{"line":12,"column":null}},"4":{"start":{"line":5,"column":4},"end":{"line":5,"column":16}},"5":{"start":{"line":6,"column":9},"end":{"line":12,"column":null}},"6":{"start":{"line":7,"column":4},"end":{"line":7,"column":16}},"7":{"start":{"line":8,"column":9},"end":{"line":12,"column":null}},"8":{"start":{"line":9,"column":4},"end":{"line":9,"column":16}},"9":{"start":{"line":11,"column":4},"end":{"line":11,"column":16}},"10":{"start":{"line":45,"column":37},"end":{"line":45,"column":53}},"11":{"start":{"line":15,"column":35},"end":{"line":27,"column":1}},"12":{"start":{"line":16,"column":2},"end":{"line":26,"column":null}},"13":{"start":{"line":17,"column":4},"end":{"line":17,"column":16}},"14":{"start":{"line":18,"column":9},"end":{"line":26,"column":null}},"15":{"start":{"line":19,"column":4},"end":{"line":19,"column":16}},"16":{"start":{"line":20,"column":9},"end":{"line":26,"column":null}},"17":{"start":{"line":21,"column":4},"end":{"line":21,"column":16}},"18":{"start":{"line":22,"column":9},"end":{"line":26,"column":null}},"19":{"start":{"line":23,"column":4},"end":{"line":23,"column":16}},"20":{"start":{"line":25,"column":4},"end":{"line":25,"column":16}},"21":{"start":{"line":45,"column":9},"end":{"line":45,"column":35}},"22":{"start":{"line":29,"column":42},"end":{"line":36,"column":1}},"23":{"start":{"line":31,"column":2},"end":{"line":33,"column":null}},"24":{"start":{"line":32,"column":4},"end":{"line":32,"column":66}},"25":{"start":{"line":35,"column":2},"end":{"line":35,"column":63}},"26":{"start":{"line":38,"column":27},"end":{"line":43,"column":1}},"27":{"start":{"line":40,"column":22},"end":{"line":40,"column":66}},"28":{"start":{"line":42,"column":2},"end":{"line":42,"column":null}},"29":{"start":{"line":45,"column":55},"end":{"line":45,"column":73}}},"fnMap":{"0":{"name":"(anonymous_0)","decl":{"start":{"line":1,"column":25},"end":{"line":1,"column":26}},"loc":{"start":{"line":1,"column":54},"end":{"line":13,"column":1}}},"1":{"name":"(anonymous_1)","decl":{"start":{"line":15,"column":35},"end":{"line":15,"column":36}},"loc":{"start":{"line":15,"column":74},"end":{"line":27,"column":1}}},"2":{"name":"(anonymous_2)","decl":{"start":{"line":29,"column":42},"end":{"line":29,"column":43}},"loc":{"start":{"line":29,"column":73},"end":{"line":36,"column":1}}},"3":{"name":"(anonymous_3)","decl":{"start":{"line":38,"column":27},"end":{"line":38,"column":28}},"loc":{"start":{"line":38,"column":75},"end":{"line":43,"column":1}}}},"branchMap":{"0":{"loc":{"start":{"line":2,"column":2},"end":{"line":12,"column":null}},"type":"if","locations":[{"start":{"line":2,"column":2},"end":{"line":12,"column":null}},{"start":{"line":4,"column":9},"end":{"line":12,"column":null}}]},"1":{"loc":{"start":{"line":4,"column":9},"end":{"line":12,"column":null}},"type":"if","locations":[{"start":{"line":4,"column":9},"end":{"line":12,"column":null}},{"start":{"line":6,"column":9},"end":{"line":12,"column":null}}]},"2":{"loc":{"start":{"line":6,"column":9},"end":{"line":12,"column":null}},"type":"if","locations":[{"start":{"line":6,"column":9},"end":{"line":12,"column":null}},{"start":{"line":8,"column":9},"end":{"line":12,"column":null}}]},"3":{"loc":{"start":{"line":8,"column":9},"end":{"line":12,"column":null}},"type":"if","locations":[{"start":{"line":8,"column":9},"end":{"line":12,"column":null}},{"start":{"line":10,"column":9},"end":{"line":12,"column":null}}]},"4":{"loc":{"start":{"line":16,"column":2},"end":{"line":26,"column":null}},"type":"if","locations":[{"start":{"line":16,"column":2},"end":{"line":26,"column":null}},{"start":{"line":18,"column":9},"end":{"line":26,"column":null}}]},"5":{"loc":{"start":{"line":18,"column":9},"end":{"line":26,"column":null}},"type":"if","locations":[{"start":{"line":18,"column":9},"end":{"line":26,"column":null}},{"start":{"line":20,"column":9},"end":{"line":26,"column":null}}]},"6":{"loc":{"start":{"line":20,"column":9},"end":{"line":26,"column":null}},"type":"if","locations":[{"start":{"line":20,"column":9},"end":{"line":26,"column":null}},{"start":{"line":22,"column":9},"end":{"line":26,"column":null}}]},"7":{"loc":{"start":{"line":20,"column":13},"end":{"line":20,"column":62}},"type":"binary-expr","locations":[{"start":{"line":20,"column":13},"end":{"line":20,"column":35}},{"start":{"line":20,"column":39},"end":{"line":20,"column":62}}]},"8":{"loc":{"start":{"line":22,"column":9},"end":{"line":26,"column":null}},"type":"if","locations":[{"start":{"line":22,"column":9},"end":{"line":26,"column":null}},{"start":{"line":24,"column":9},"end":{"line":26,"column":null}}]},"9":{"loc":{"start":{"line":22,"column":13},"end":{"line":22,"column":65}},"type":"binary-expr","locations":[{"start":{"line":22,"column":13},"end":{"line":22,"column":37}},{"start":{"line":22,"column":41},"end":{"line":22,"column":65}}]},"10":{"loc":{"start":{"line":31,"column":2},"end":{"line":33,"column":null}},"type":"if","locations":[{"start":{"line":31,"column":2},"end":{"line":33,"column":null}}]}},"s":{"0":0,"1":0,"2":0,"3":0,"4":0,"5":0,"6":0,"7":0,"8":0,"9":0,"10":0,"11":0,"12":0,"13":0,"14":0,"15":0,"16":0,"17":0,"18":0,"19":0,"20":0,"21":0,"22":0,"23":0,"24":0,"25":0,"26":0,"27":0,"28":0,"29":0},"f":{"0":0,"1":0,"2":0,"3":0},"b":{"0":[0,0],"1":[0,0],"2":[0,0],"3":[0,0],"4":[0,0],"5":[0,0],"6":[0,0],"7":[0,0],"8":[0,0],"9":[0,0],"10":[0]}}
,"/Users/leahcopeland/Documents/Neo/coverage-upload-action/src/construct-comment.ts": {"path":"/Users/leahcopeland/Documents/Neo/coverage-upload-action/src/construct-comment.ts","statementMap":{"0":{"start":{"line":2,"column":0},"end":{"line":2,"column":109}},"1":{"start":{"line":5,"column":25},"end":{"line":32,"column":1}},"2":{"start":{"line":8,"column":2},"end":{"line":29,"column":null}},"3":{"start":{"line":9,"column":4},"end":{"line":18,"column":2}},"4":{"start":{"line":20,"column":4},"end":{"line":28,"column":2}},"5":{"start":{"line":31,"column":2},"end":{"line":31,"column":17}},"6":{"start":{"line":34,"column":0},"end":{"line":34,"column":32}}},"fnMap":{"0":{"name":"(anonymous_0)","decl":{"start":{"line":5,"column":25},"end":{"line":5,"column":30}},"loc":{"start":{"line":5,"column":77},"end":{"line":32,"column":1}}}},"branchMap":{"0":{"loc":{"start":{"line":8,"column":2},"end":{"line":29,"column":null}},"type":"if","locations":[{"start":{"line":8,"column":2},"end":{"line":29,"column":null}},{"start":{"line":19,"column":9},"end":{"line":29,"column":null}}]},"1":{"loc":{"start":{"line":8,"column":5},"end":{"line":8,"column":59}},"type":"binary-expr","locations":[{"start":{"line":8,"column":5},"end":{"line":8,"column":33}},{"start":{"line":8,"column":37},"end":{"line":8,"column":59}}]}},"s":{"0":0,"1":0,"2":0,"3":0,"4":0,"5":0,"6":0},"f":{"0":0},"b":{"0":[0,0],"1":[0,0]}}
,"/Users/leahcopeland/Documents/Neo/coverage-upload-action/src/get-coverage.ts": {"path":"/Users/leahcopeland/Documents/Neo/coverage-upload-action/src/get-coverage.ts","statementMap":{"0":{"start":{"line":1,"column":0},"end":{"line":1,"column":35}},"1":{"start":{"line":2,"column":0},"end":{"line":2,"column":33}},"2":{"start":{"line":6,"column":18},"end":{"line":6,"column":33}},"3":{"start":{"line":8,"column":20},"end":{"line":37,"column":1}},"4":{"start":{"line":9,"column":22},"end":{"line":13,"column":4}},"5":{"start":{"line":15,"column":2},"end":{"line":36,"column":null}},"6":{"start":{"line":16,"column":25},"end":{"line":16,"column":46}},"7":{"start":{"line":18,"column":4},"end":{"line":25,"column":null}},"8":{"start":{"line":19,"column":6},"end":{"line":19,"column":57}},"9":{"start":{"line":20,"column":6},"end":{"line":20,"column":61}},"10":{"start":{"line":21,"column":6},"end":{"line":21,"column":65}},"11":{"start":{"line":22,"column":6},"end":{"line":22,"column":69}},"12":{"start":{"line":23,"column":6},"end":{"line":23,"column":63}},"13":{"start":{"line":24,"column":6},"end":{"line":24,"column":67}},"14":{"start":{"line":27,"column":4},"end":{"line":27,"column":88}},"15":{"start":{"line":28,"column":4},"end":{"line":28,"column":100}},"16":{"start":{"line":29,"column":4},"end":{"line":29,"column":97}},"17":{"start":{"line":31,"column":4},"end":{"line":31,"column":23}},"18":{"start":{"line":33,"column":4},"end":{"line":35,"column":6}},"19":{"start":{"line":39,"column":0},"end":{"line":39,"column":27}}},"fnMap":{"0":{"name":"(anonymous_0)","decl":{"start":{"line":8,"column":20},"end":{"line":8,"column":25}},"loc":{"start":{"line":8,"column":65},"end":{"line":37,"column":1}}}},"branchMap":{},"s":{"0":1,"1":1,"2":1,"3":1,"4":1,"5":1,"6":1,"7":0,"8":0,"9":0,"10":0,"11":0,"12":0,"13":0,"14":0,"15":0,"16":0,"17":0,"18":1,"19":1},"f":{"0":1},"b":{}}
,"/Users/leahcopeland/Documents/Neo/coverage-upload-action/src/get-data.ts": {"path":"/Users/leahcopeland/Documents/Neo/coverage-upload-action/src/get-data.ts","statementMap":{"0":{"start":{"line":1,"column":0},"end":{"line":1,"column":41}},"1":{"start":{"line":2,"column":0},"end":{"line":2,"column":42}},"2":{"start":{"line":4,"column":0},"end":{"line":4,"column":41}},"3":{"start":{"line":7,"column":16},"end":{"line":59,"column":1}},"4":{"start":{"line":8,"column":20},"end":{"line":8,"column":45}},"5":{"start":{"line":10,"column":25},"end":{"line":23,"column":4}},"6":{"start":{"line":25,"column":15},"end":{"line":25,"column":30}},"7":{"start":{"line":27,"column":2},"end":{"line":38,"column":null}},"8":{"start":{"line":28,"column":4},"end":{"line":28,"column":44}},"9":{"start":{"line":29,"column":4},"end":{"line":29,"column":48}},"10":{"start":{"line":30,"column":4},"end":{"line":30,"column":44}},"11":{"start":{"line":31,"column":4},"end":{"line":31,"column":52}},"12":{"start":{"line":32,"column":4},"end":{"line":32,"column":37}},"13":{"start":{"line":34,"column":4},"end":{"line":34,"column":53}},"14":{"start":{"line":35,"column":4},"end":{"line":35,"column":35}},"15":{"start":{"line":36,"column":4},"end":{"line":36,"column":28}},"16":{"start":{"line":37,"column":4},"end":{"line":37,"column":50}},"17":{"start":{"line":40,"column":2},"end":{"line":48,"column":null}},"18":{"start":{"line":41,"column":4},"end":{"line":41,"column":37}},"19":{"start":{"line":42,"column":9},"end":{"line":48,"column":null}},"20":{"start":{"line":43,"column":4},"end":{"line":43,"column":59}},"21":{"start":{"line":44,"column":9},"end":{"line":48,"column":null}},"22":{"start":{"line":45,"column":4},"end":{"line":45,"column":47}},"23":{"start":{"line":47,"column":4},"end":{"line":47,"column":43}},"24":{"start":{"line":50,"column":23},"end":{"line":50,"column":47}},"25":{"start":{"line":52,"column":22},"end":{"line":52,"column":53}},"26":{"start":{"line":54,"column":2},"end":{"line":54,"column":44}},"27":{"start":{"line":55,"column":2},"end":{"line":55,"column":52}},"28":{"start":{"line":56,"column":2},"end":{"line":56,"column":50}},"29":{"start":{"line":58,"column":2},"end":{"line":58,"column":16}},"30":{"start":{"line":61,"column":8},"end":{"line":61,"column":15}}},"fnMap":{"0":{"name":"(anonymous_0)","decl":{"start":{"line":7,"column":16},"end":{"line":7,"column":21}},"loc":{"start":{"line":7,"column":44},"end":{"line":59,"column":1}}}},"branchMap":{"0":{"loc":{"start":{"line":27,"column":2},"end":{"line":38,"column":null}},"type":"if","locations":[{"start":{"line":27,"column":2},"end":{"line":38,"column":null}},{"start":{"line":33,"column":9},"end":{"line":38,"column":null}}]},"1":{"loc":{"start":{"line":40,"column":2},"end":{"line":48,"column":null}},"type":"if","locations":[{"start":{"line":40,"column":2},"end":{"line":48,"column":null}},{"start":{"line":42,"column":9},"end":{"line":48,"column":null}}]},"2":{"loc":{"start":{"line":40,"column":6},"end":{"line":40,"column":36}},"type":"binary-expr","locations":[{"start":{"line":40,"column":6},"end":{"line":40,"column":21}},{"start":{"line":40,"column":25},"end":{"line":40,"column":36}}]},"3":{"loc":{"start":{"line":42,"column":9},"end":{"line":48,"column":null}},"type":"if","locations":[{"start":{"line":42,"column":9},"end":{"line":48,"column":null}},{"start":{"line":44,"column":9},"end":{"line":48,"column":null}}]},"4":{"loc":{"start":{"line":42,"column":13},"end":{"line":42,"column":45}},"type":"binary-expr","locations":[{"start":{"line":42,"column":13},"end":{"line":42,"column":29}},{"start":{"line":42,"column":33},"end":{"line":42,"column":45}}]},"5":{"loc":{"start":{"line":44,"column":9},"end":{"line":48,"column":null}},"type":"if","locations":[{"start":{"line":44,"column":9},"end":{"line":48,"column":null}},{"start":{"line":46,"column":9},"end":{"line":48,"column":null}}]}},"s":{"0":0,"1":0,"2":0,"3":0,"4":0,"5":0,"6":0,"7":0,"8":0,"9":0,"10":0,"11":0,"12":0,"13":0,"14":0,"15":0,"16":0,"17":0,"18":0,"19":0,"20":0,"21":0,"22":0,"23":0,"24":0,"25":0,"26":0,"27":0,"28":0,"29":0,"30":0},"f":{"0":0},"b":{"0":[0,0],"1":[0,0],"2":[0,0],"3":[0,0],"4":[0,0],"5":[0,0]}}
,"/Users/leahcopeland/Documents/Neo/coverage-upload-action/src/index.ts": {"path":"/Users/leahcopeland/Documents/Neo/coverage-upload-action/src/index.ts","statementMap":{"0":{"start":{"line":1,"column":0},"end":{"line":1,"column":61}},"1":{"start":{"line":2,"column":0},"end":{"line":2,"column":42}},"2":{"start":{"line":4,"column":0},"end":{"line":4,"column":37}},"3":{"start":{"line":5,"column":0},"end":{"line":5,"column":41}},"4":{"start":{"line":6,"column":0},"end":{"line":6,"column":42}},"5":{"start":{"line":7,"column":0},"end":{"line":7,"column":44}},"6":{"start":{"line":8,"column":0},"end":{"line":8,"column":44}},"7":{"start":{"line":10,"column":12},"end":{"line":75,"column":1}},"8":{"start":{"line":11,"column":2},"end":{"line":74,"column":null}},"9":{"start":{"line":12,"column":16},"end":{"line":12,"column":44}},"10":{"start":{"line":14,"column":30},"end":{"line":14,"column":59}},"11":{"start":{"line":16,"column":4},"end":{"line":16,"column":null}},"12":{"start":{"line":18,"column":4},"end":{"line":22,"column":null}},"13":{"start":{"line":19,"column":6},"end":{"line":19,"column":47}},"14":{"start":{"line":21,"column":6},"end":{"line":21,"column":13}},"15":{"start":{"line":24,"column":19},"end":{"line":24,"column":34}},"16":{"start":{"line":26,"column":22},"end":{"line":26,"column":47}},"17":{"start":{"line":28,"column":4},"end":{"line":36,"column":null}},"18":{"start":{"line":29,"column":6},"end":{"line":31,"column":8}},"19":{"start":{"line":32,"column":11},"end":{"line":36,"column":null}},"20":{"start":{"line":33,"column":6},"end":{"line":35,"column":8}},"21":{"start":{"line":38,"column":26},"end":{"line":38,"column":51}},"22":{"start":{"line":40,"column":4},"end":{"line":50,"column":null}},"23":{"start":{"line":41,"column":6},"end":{"line":49,"column":null}},"24":{"start":{"line":42,"column":8},"end":{"line":46,"column":null}},"25":{"start":{"line":43,"column":10},"end":{"line":43,"column":62}},"26":{"start":{"line":45,"column":10},"end":{"line":45,"column":60}},"27":{"start":{"line":48,"column":8},"end":{"line":48,"column":71}},"28":{"start":{"line":52,"column":4},"end":{"line":52,"column":51}},"29":{"start":{"line":53,"column":4},"end":{"line":53,"column":61}},"30":{"start":{"line":54,"column":4},"end":{"line":54,"column":70}},"31":{"start":{"line":55,"column":4},"end":{"line":55,"column":54}},"32":{"start":{"line":56,"column":4},"end":{"line":56,"column":47}},"33":{"start":{"line":57,"column":4},"end":{"line":57,"column":56}},"34":{"start":{"line":58,"column":4},"end":{"line":58,"column":67}},"35":{"start":{"line":59,"column":4},"end":{"line":59,"column":75}},"36":{"start":{"line":60,"column":4},"end":{"line":60,"column":73}},"37":{"start":{"line":61,"column":4},"end":{"line":61,"column":44}},"38":{"start":{"line":62,"column":4},"end":{"line":62,"column":48}},"39":{"start":{"line":63,"column":4},"end":{"line":63,"column":47}},"40":{"start":{"line":65,"column":4},"end":{"line":67,"column":null}},"41":{"start":{"line":66,"column":6},"end":{"line":66,"column":38}},"42":{"start":{"line":69,"column":4},"end":{"line":71,"column":null}},"43":{"start":{"line":70,"column":6},"end":{"line":70,"column":61}},"44":{"start":{"line":73,"column":4},"end":{"line":73,"column":65}},"45":{"start":{"line":77,"column":0},"end":{"line":77,"column":6}}},"fnMap":{"0":{"name":"(anonymous_0)","decl":{"start":{"line":10,"column":12},"end":{"line":10,"column":17}},"loc":{"start":{"line":10,"column":38},"end":{"line":75,"column":1}}}},"branchMap":{"0":{"loc":{"start":{"line":18,"column":4},"end":{"line":22,"column":null}},"type":"if","locations":[{"start":{"line":18,"column":4},"end":{"line":22,"column":null}}]},"1":{"loc":{"start":{"line":28,"column":4},"end":{"line":36,"column":null}},"type":"if","locations":[{"start":{"line":28,"column":4},"end":{"line":36,"column":null}},{"start":{"line":32,"column":11},"end":{"line":36,"column":null}}]},"2":{"loc":{"start":{"line":28,"column":8},"end":{"line":28,"column":25}},"type":"binary-expr","locations":[{"start":{"line":28,"column":8},"end":{"line":28,"column":18}},{"start":{"line":28,"column":22},"end":{"line":28,"column":25}}]},"3":{"loc":{"start":{"line":32,"column":11},"end":{"line":36,"column":null}},"type":"if","locations":[{"start":{"line":32,"column":11},"end":{"line":36,"column":null}}]},"4":{"loc":{"start":{"line":32,"column":15},"end":{"line":32,"column":32}},"type":"binary-expr","locations":[{"start":{"line":32,"column":15},"end":{"line":32,"column":19}},{"start":{"line":32,"column":23},"end":{"line":32,"column":32}}]},"5":{"loc":{"start":{"line":40,"column":4},"end":{"line":50,"column":null}},"type":"if","locations":[{"start":{"line":40,"column":4},"end":{"line":50,"column":null}}]},"6":{"loc":{"start":{"line":42,"column":8},"end":{"line":46,"column":null}},"type":"if","locations":[{"start":{"line":42,"column":8},"end":{"line":46,"column":null}},{"start":{"line":44,"column":15},"end":{"line":46,"column":null}}]},"7":{"loc":{"start":{"line":65,"column":4},"end":{"line":67,"column":null}},"type":"if","locations":[{"start":{"line":65,"column":4},"end":{"line":67,"column":null}}]},"8":{"loc":{"start":{"line":69,"column":4},"end":{"line":71,"column":null}},"type":"if","locations":[{"start":{"line":69,"column":4},"end":{"line":71,"column":null}}]}},"s":{"0":0,"1":0,"2":0,"3":0,"4":0,"5":0,"6":0,"7":0,"8":0,"9":0,"10":0,"11":0,"12":0,"13":0,"14":0,"15":0,"16":0,"17":0,"18":0,"19":0,"20":0,"21":0,"22":0,"23":0,"24":0,"25":0,"26":0,"27":0,"28":0,"29":0,"30":0,"31":0,"32":0,"33":0,"34":0,"35":0,"36":0,"37":0,"38":0,"39":0,"40":0,"41":0,"42":0,"43":0,"44":0,"45":0},"f":{"0":0},"b":{"0":[0],"1":[0,0],"2":[0,0],"3":[0],"4":[0,0],"5":[0],"6":[0,0],"7":[0],"8":[0]}}
,"/Users/leahcopeland/Documents/Neo/coverage-upload-action/src/make-comment.ts": {"path":"/Users/leahcopeland/Documents/Neo/coverage-upload-action/src/make-comment.ts","statementMap":{"0":{"start":{"line":1,"column":0},"end":{"line":1,"column":52}},"1":{"start":{"line":2,"column":0},"end":{"line":2,"column":42}},"2":{"start":{"line":3,"column":0},"end":{"line":3,"column":42}},"3":{"start":{"line":5,"column":0},"end":{"line":5,"column":51}},"4":{"start":{"line":9,"column":20},"end":{"line":60,"column":1}},"5":{"start":{"line":10,"column":2},"end":{"line":59,"column":null}},"6":{"start":{"line":11,"column":4},"end":{"line":15,"column":null}},"7":{"start":{"line":12,"column":6},"end":{"line":12,"column":43}},"8":{"start":{"line":14,"column":6},"end":{"line":14,"column":13}},"9":{"start":{"line":17,"column":23},"end":{"line":17,"column":52}},"10":{"start":{"line":19,"column":4},"end":{"line":23,"column":null}},"11":{"start":{"line":20,"column":6},"end":{"line":20,"column":33}},"12":{"start":{"line":22,"column":6},"end":{"line":22,"column":13}},"13":{"start":{"line":25,"column":26},"end":{"line":25,"column":47}},"14":{"start":{"line":26,"column":30},"end":{"line":26,"column":65}},"15":{"start":{"line":27,"column":20},"end":{"line":27,"column":33}},"16":{"start":{"line":29,"column":21},"end":{"line":33,"column":6}},"17":{"start":{"line":35,"column":23},"end":{"line":35,"column":114}},"18":{"start":{"line":35,"column":55},"end":{"line":35,"column":113}},"19":{"start":{"line":36,"column":26},"end":{"line":36,"column":51}},"20":{"start":{"line":38,"column":4},"end":{"line":38,"column":28}},"21":{"start":{"line":39,"column":4},"end":{"line":39,"column":25}},"22":{"start":{"line":40,"column":4},"end":{"line":40,"column":29}},"23":{"start":{"line":42,"column":4},"end":{"line":56,"column":null}},"24":{"start":{"line":43,"column":6},"end":{"line":48,"column":9}},"25":{"start":{"line":50,"column":6},"end":{"line":55,"column":9}},"26":{"start":{"line":58,"column":4},"end":{"line":58,"column":51}},"27":{"start":{"line":62,"column":0},"end":{"line":62,"column":27}}},"fnMap":{"0":{"name":"(anonymous_0)","decl":{"start":{"line":9,"column":20},"end":{"line":9,"column":25}},"loc":{"start":{"line":9,"column":87},"end":{"line":60,"column":1}}},"1":{"name":"(anonymous_1)","decl":{"start":{"line":35,"column":42},"end":{"line":35,"column":43}},"loc":{"start":{"line":35,"column":55},"end":{"line":35,"column":113}}}},"branchMap":{"0":{"loc":{"start":{"line":11,"column":4},"end":{"line":15,"column":null}},"type":"if","locations":[{"start":{"line":11,"column":4},"end":{"line":15,"column":null}}]},"1":{"loc":{"start":{"line":19,"column":4},"end":{"line":23,"column":null}},"type":"if","locations":[{"start":{"line":19,"column":4},"end":{"line":23,"column":null}}]},"2":{"loc":{"start":{"line":42,"column":4},"end":{"line":56,"column":null}},"type":"if","locations":[{"start":{"line":42,"column":4},"end":{"line":56,"column":null}},{"start":{"line":49,"column":11},"end":{"line":56,"column":null}}]},"3":{"loc":{"start":{"line":47,"column":14},"end":{"line":47,"column":89}},"type":"cond-expr","locations":[{"start":{"line":47,"column":44},"end":{"line":47,"column":51}},{"start":{"line":47,"column":54},"end":{"line":47,"column":89}}]},"4":{"loc":{"start":{"line":54,"column":14},"end":{"line":54,"column":89}},"type":"cond-expr","locations":[{"start":{"line":54,"column":44},"end":{"line":54,"column":51}},{"start":{"line":54,"column":54},"end":{"line":54,"column":89}}]}},"s":{"0":0,"1":0,"2":0,"3":0,"4":0,"5":0,"6":0,"7":0,"8":0,"9":0,"10":0,"11":0,"12":0,"13":0,"14":0,"15":0,"16":0,"17":0,"18":0,"19":0,"20":0,"21":0,"22":0,"23":0,"24":0,"25":0,"26":0,"27":0},"f":{"0":0,"1":0},"b":{"0":[0],"1":[0],"2":[0,0],"3":[0,0],"4":[0,0]}}
,"/Users/leahcopeland/Documents/Neo/coverage-upload-action/src/send-data-diff.ts": {"path":"/Users/leahcopeland/Documents/Neo/coverage-upload-action/src/send-data-diff.ts","statementMap":{"0":{"start":{"line":1,"column":0},"end":{"line":1,"column":26}},"1":{"start":{"line":5,"column":21},"end":{"line":36,"column":1}},"2":{"start":{"line":6,"column":33},"end":{"line":19,"column":4}},"3":{"start":{"line":21,"column":2},"end":{"line":23,"column":null}},"4":{"start":{"line":22,"column":4},"end":{"line":22,"column":46}},"5":{"start":{"line":25,"column":2},"end":{"line":35,"column":null}},"6":{"start":{"line":26,"column":21},"end":{"line":26,"column":52}},"7":{"start":{"line":28,"column":4},"end":{"line":28,"column":63}},"8":{"start":{"line":29,"column":4},"end":{"line":29,"column":71}},"9":{"start":{"line":30,"column":4},"end":{"line":30,"column":69}},"10":{"start":{"line":32,"column":4},"end":{"line":32,"column":27}},"11":{"start":{"line":34,"column":4},"end":{"line":34,"column":27}},"12":{"start":{"line":38,"column":0},"end":{"line":38,"column":28}}},"fnMap":{"0":{"name":"(anonymous_0)","decl":{"start":{"line":5,"column":21},"end":{"line":5,"column":26}},"loc":{"start":{"line":5,"column":81},"end":{"line":36,"column":1}}}},"branchMap":{"0":{"loc":{"start":{"line":21,"column":2},"end":{"line":23,"column":null}},"type":"if","locations":[{"start":{"line":21,"column":2},"end":{"line":23,"column":null}}]}},"s":{"0":0,"1":0,"2":0,"3":0,"4":0,"5":0,"6":0,"7":0,"8":0,"9":0,"10":0,"11":0,"12":0},"f":{"0":0},"b":{"0":[0]}}
,"/Users/leahcopeland/Documents/Neo/coverage-upload-action/src/send-data.ts": {"path":"/Users/leahcopeland/Documents/Neo/coverage-upload-action/src/send-data.ts","statementMap":{"0":{"start":{"line":1,"column":0},"end":{"line":1,"column":26}},"1":{"start":{"line":5,"column":24},"end":{"line":35,"column":1}},"2":{"start":{"line":7,"column":33},"end":{"line":20,"column":4}},"3":{"start":{"line":22,"column":2},"end":{"line":24,"column":null}},"4":{"start":{"line":23,"column":4},"end":{"line":23,"column":46}},"5":{"start":{"line":26,"column":2},"end":{"line":34,"column":null}},"6":{"start":{"line":27,"column":21},"end":{"line":29,"column":6}},"7":{"start":{"line":31,"column":4},"end":{"line":31,"column":33}},"8":{"start":{"line":33,"column":4},"end":{"line":33,"column":27}},"9":{"start":{"line":37,"column":0},"end":{"line":37,"column":31}}},"fnMap":{"0":{"name":"(anonymous_0)","decl":{"start":{"line":5,"column":24},"end":{"line":5,"column":29}},"loc":{"start":{"line":5,"column":79},"end":{"line":35,"column":1}}}},"branchMap":{"0":{"loc":{"start":{"line":22,"column":2},"end":{"line":24,"column":null}},"type":"if","locations":[{"start":{"line":22,"column":2},"end":{"line":24,"column":null}}]}},"s":{"0":0,"1":0,"2":0,"3":0,"4":0,"5":0,"6":0,"7":0,"8":0,"9":0},"f":{"0":0},"b":{"0":[0]}}
,"/Users/leahcopeland/Documents/Neo/coverage-upload-action/src/test-mono-repo.ts": {"path":"/Users/leahcopeland/Documents/Neo/coverage-upload-action/src/test-mono-repo.ts","statementMap":{"0":{"start":{"line":1,"column":0},"end":{"line":1,"column":26}},"1":{"start":{"line":3,"column":21},"end":{"line":18,"column":1}},"2":{"start":{"line":5,"column":2},"end":{"line":5,"column":null}},"3":{"start":{"line":7,"column":2},"end":{"line":17,"column":null}},"4":{"start":{"line":9,"column":21},"end":{"line":11,"column":6}},"5":{"start":{"line":14,"column":4},"end":{"line":14,"column":null}},"6":{"start":{"line":16,"column":4},"end":{"line":16,"column":27}},"7":{"start":{"line":20,"column":0},"end":{"line":20,"column":28}}},"fnMap":{"0":{"name":"(anonymous_0)","decl":{"start":{"line":3,"column":21},"end":{"line":3,"column":26}},"loc":{"start":{"line":3,"column":76},"end":{"line":18,"column":1}}}},"branchMap":{},"s":{"0":0,"1":0,"2":0,"3":0,"4":0,"5":0,"6":0,"7":0},"f":{"0":0},"b":{}}
,"/Users/leahcopeland/Documents/Neo/coverage-upload-action/src/types/lcov-parse/index.d.ts": {"path":"/Users/leahcopeland/Documents/Neo/coverage-upload-action/src/types/lcov-parse/index.d.ts","statementMap":{},"fnMap":{},"branchMap":{},"s":{},"f":{},"b":{},"inputSourceMap":null}
}
